[0.236s] DEBUG:colcon:Command line arguments: ['/usr/bin/colcon', 'build']
[0.236s] DEBUG:colcon:Parsed command line arguments: Namespace(allow_overriding=[], ament_cmake_args=None, base_paths=['.'], build_base='build', catkin_cmake_args=None, catkin_skip_building_tests=False, cmake_args=None, cmake_clean_cache=False, cmake_clean_first=False, cmake_force_configure=False, cmake_target=None, cmake_target_skip_unavailable=False, continue_on_error=False, event_handlers=None, executor='parallel', ignore_user_meta=False, install_base='install', log_base=None, log_level=None, main=<bound method BuildVerb.main of <colcon_core.verb.build.BuildVerb object at 0x7fe12b0314f0>>, merge_install=False, metas=['./colcon.meta'], packages_above=None, packages_above_and_dependencies=None, packages_above_depth=None, packages_end=None, packages_ignore=None, packages_ignore_regex=None, packages_select=None, packages_select_build_failed=False, packages_select_by_dep=None, packages_select_regex=None, packages_select_test_failures=False, packages_skip=None, packages_skip_build_finished=False, packages_skip_by_dep=None, packages_skip_regex=None, packages_skip_test_passed=False, packages_skip_up_to=None, packages_start=None, packages_up_to=None, packages_up_to_regex=None, parallel_workers=16, paths=None, symlink_install=False, test_result_base=None, verb_extension=<colcon_core.verb.build.BuildVerb object at 0x7fe12b0314f0>, verb_name='build', verb_parser=<colcon_defaults.argument_parser.defaults.DefaultArgumentsDecorator object at 0x7fe12b031a30>)
[0.270s] Level 1:colcon.colcon_core.package_discovery:discover_packages(colcon_meta) check parameters
[0.270s] Level 1:colcon.colcon_core.package_discovery:discover_packages(recursive) check parameters
[0.270s] Level 1:colcon.colcon_core.package_discovery:discover_packages(ignore) check parameters
[0.270s] Level 1:colcon.colcon_core.package_discovery:discover_packages(path) check parameters
[0.270s] Level 1:colcon.colcon_core.package_discovery:discover_packages(colcon_meta) discover
[0.270s] Level 1:colcon.colcon_core.package_discovery:discover_packages(recursive) discover
[0.270s] INFO:colcon.colcon_core.package_discovery:Crawling recursively for packages in '/home/dave/Documents/docker/leo_sim_docker/ros2_ws'
[0.270s] Level 1:colcon.colcon_core.package_identification:_identify(.) by extensions ['ignore', 'ignore_ament_install']
[0.270s] Level 1:colcon.colcon_core.package_identification:_identify(.) by extension 'ignore'
[0.270s] Level 1:colcon.colcon_core.package_identification:_identify(.) by extension 'ignore_ament_install'
[0.270s] Level 1:colcon.colcon_core.package_identification:_identify(.) by extensions ['colcon_pkg']
[0.271s] Level 1:colcon.colcon_core.package_identification:_identify(.) by extension 'colcon_pkg'
[0.271s] Level 1:colcon.colcon_core.package_identification:_identify(.) by extensions ['colcon_meta']
[0.271s] Level 1:colcon.colcon_core.package_identification:_identify(.) by extension 'colcon_meta'
[0.271s] Level 1:colcon.colcon_core.package_identification:_identify(.) by extensions ['ros']
[0.271s] Level 1:colcon.colcon_core.package_identification:_identify(.) by extension 'ros'
[0.279s] Level 1:colcon.colcon_core.package_identification:_identify(.) by extensions ['cmake', 'python']
[0.279s] Level 1:colcon.colcon_core.package_identification:_identify(.) by extension 'cmake'
[0.279s] Level 1:colcon.colcon_core.package_identification:_identify(.) by extension 'python'
[0.279s] Level 1:colcon.colcon_core.package_identification:_identify(.) by extensions ['python_setup_py']
[0.279s] Level 1:colcon.colcon_core.package_identification:_identify(.) by extension 'python_setup_py'
[0.280s] Level 1:colcon.colcon_core.package_identification:_identify(build) by extensions ['ignore', 'ignore_ament_install']
[0.280s] Level 1:colcon.colcon_core.package_identification:_identify(build) by extension 'ignore'
[0.280s] Level 1:colcon.colcon_core.package_identification:_identify(build) ignored
[0.280s] Level 1:colcon.colcon_core.package_identification:_identify(install) by extensions ['ignore', 'ignore_ament_install']
[0.280s] Level 1:colcon.colcon_core.package_identification:_identify(install) by extension 'ignore'
[0.280s] Level 1:colcon.colcon_core.package_identification:_identify(install) ignored
[0.280s] Level 1:colcon.colcon_core.package_identification:_identify(log) by extensions ['ignore', 'ignore_ament_install']
[0.280s] Level 1:colcon.colcon_core.package_identification:_identify(log) by extension 'ignore'
[0.280s] Level 1:colcon.colcon_core.package_identification:_identify(log) ignored
[0.280s] Level 1:colcon.colcon_core.package_identification:_identify(src) by extensions ['ignore', 'ignore_ament_install']
[0.280s] Level 1:colcon.colcon_core.package_identification:_identify(src) by extension 'ignore'
[0.280s] Level 1:colcon.colcon_core.package_identification:_identify(src) by extension 'ignore_ament_install'
[0.280s] Level 1:colcon.colcon_core.package_identification:_identify(src) by extensions ['colcon_pkg']
[0.280s] Level 1:colcon.colcon_core.package_identification:_identify(src) by extension 'colcon_pkg'
[0.280s] Level 1:colcon.colcon_core.package_identification:_identify(src) by extensions ['colcon_meta']
[0.280s] Level 1:colcon.colcon_core.package_identification:_identify(src) by extension 'colcon_meta'
[0.280s] Level 1:colcon.colcon_core.package_identification:_identify(src) by extensions ['ros']
[0.280s] Level 1:colcon.colcon_core.package_identification:_identify(src) by extension 'ros'
[0.280s] Level 1:colcon.colcon_core.package_identification:_identify(src) by extensions ['cmake', 'python']
[0.280s] Level 1:colcon.colcon_core.package_identification:_identify(src) by extension 'cmake'
[0.280s] Level 1:colcon.colcon_core.package_identification:_identify(src) by extension 'python'
[0.280s] Level 1:colcon.colcon_core.package_identification:_identify(src) by extensions ['python_setup_py']
[0.280s] Level 1:colcon.colcon_core.package_identification:_identify(src) by extension 'python_setup_py'
[0.281s] Level 1:colcon.colcon_core.package_identification:_identify(src/leorover_simulator) by extensions ['ignore', 'ignore_ament_install']
[0.281s] Level 1:colcon.colcon_core.package_identification:_identify(src/leorover_simulator) by extension 'ignore'
[0.281s] Level 1:colcon.colcon_core.package_identification:_identify(src/leorover_simulator) by extension 'ignore_ament_install'
[0.281s] Level 1:colcon.colcon_core.package_identification:_identify(src/leorover_simulator) by extensions ['colcon_pkg']
[0.281s] Level 1:colcon.colcon_core.package_identification:_identify(src/leorover_simulator) by extension 'colcon_pkg'
[0.281s] Level 1:colcon.colcon_core.package_identification:_identify(src/leorover_simulator) by extensions ['colcon_meta']
[0.281s] Level 1:colcon.colcon_core.package_identification:_identify(src/leorover_simulator) by extension 'colcon_meta'
[0.281s] Level 1:colcon.colcon_core.package_identification:_identify(src/leorover_simulator) by extensions ['ros']
[0.281s] Level 1:colcon.colcon_core.package_identification:_identify(src/leorover_simulator) by extension 'ros'
[0.281s] Level 1:colcon.colcon_core.package_identification:_identify(src/leorover_simulator) by extensions ['cmake', 'python']
[0.281s] Level 1:colcon.colcon_core.package_identification:_identify(src/leorover_simulator) by extension 'cmake'
[0.281s] Level 1:colcon.colcon_core.package_identification:_identify(src/leorover_simulator) by extension 'python'
[0.281s] Level 1:colcon.colcon_core.package_identification:_identify(src/leorover_simulator) by extensions ['python_setup_py']
[0.281s] Level 1:colcon.colcon_core.package_identification:_identify(src/leorover_simulator) by extension 'python_setup_py'
[0.281s] Level 1:colcon.colcon_core.package_identification:_identify(src/leorover_simulator/leorover_description) by extensions ['ignore', 'ignore_ament_install']
[0.281s] Level 1:colcon.colcon_core.package_identification:_identify(src/leorover_simulator/leorover_description) by extension 'ignore'
[0.281s] Level 1:colcon.colcon_core.package_identification:_identify(src/leorover_simulator/leorover_description) by extension 'ignore_ament_install'
[0.281s] Level 1:colcon.colcon_core.package_identification:_identify(src/leorover_simulator/leorover_description) by extensions ['colcon_pkg']
[0.281s] Level 1:colcon.colcon_core.package_identification:_identify(src/leorover_simulator/leorover_description) by extension 'colcon_pkg'
[0.281s] Level 1:colcon.colcon_core.package_identification:_identify(src/leorover_simulator/leorover_description) by extensions ['colcon_meta']
[0.281s] Level 1:colcon.colcon_core.package_identification:_identify(src/leorover_simulator/leorover_description) by extension 'colcon_meta'
[0.281s] Level 1:colcon.colcon_core.package_identification:_identify(src/leorover_simulator/leorover_description) by extensions ['ros']
[0.281s] Level 1:colcon.colcon_core.package_identification:_identify(src/leorover_simulator/leorover_description) by extension 'ros'
[0.283s] DEBUG:colcon.colcon_core.package_identification:Package 'src/leorover_simulator/leorover_description' with type 'ros.ament_cmake' and name 'leorover_description'
[0.283s] Level 1:colcon.colcon_core.package_identification:_identify(src/leorover_simulator/leorover_gazebo) by extensions ['ignore', 'ignore_ament_install']
[0.283s] Level 1:colcon.colcon_core.package_identification:_identify(src/leorover_simulator/leorover_gazebo) by extension 'ignore'
[0.283s] Level 1:colcon.colcon_core.package_identification:_identify(src/leorover_simulator/leorover_gazebo) by extension 'ignore_ament_install'
[0.283s] Level 1:colcon.colcon_core.package_identification:_identify(src/leorover_simulator/leorover_gazebo) by extensions ['colcon_pkg']
[0.283s] Level 1:colcon.colcon_core.package_identification:_identify(src/leorover_simulator/leorover_gazebo) by extension 'colcon_pkg'
[0.283s] Level 1:colcon.colcon_core.package_identification:_identify(src/leorover_simulator/leorover_gazebo) by extensions ['colcon_meta']
[0.283s] Level 1:colcon.colcon_core.package_identification:_identify(src/leorover_simulator/leorover_gazebo) by extension 'colcon_meta'
[0.283s] Level 1:colcon.colcon_core.package_identification:_identify(src/leorover_simulator/leorover_gazebo) by extensions ['ros']
[0.283s] Level 1:colcon.colcon_core.package_identification:_identify(src/leorover_simulator/leorover_gazebo) by extension 'ros'
[0.284s] DEBUG:colcon.colcon_core.package_identification:Package 'src/leorover_simulator/leorover_gazebo' with type 'ros.ament_python' and name 'leorover_gazebo'
[0.284s] Level 1:colcon.colcon_core.package_discovery:discover_packages(recursive) using defaults
[0.284s] Level 1:colcon.colcon_core.package_discovery:discover_packages(ignore) discover
[0.284s] Level 1:colcon.colcon_core.package_discovery:discover_packages(ignore) using defaults
[0.284s] Level 1:colcon.colcon_core.package_discovery:discover_packages(path) discover
[0.284s] Level 1:colcon.colcon_core.package_discovery:discover_packages(path) using defaults
[0.300s] Level 1:colcon.colcon_core.package_discovery:discover_packages(prefix_path) check parameters
[0.300s] Level 1:colcon.colcon_core.package_discovery:discover_packages(prefix_path) discover
[0.304s] DEBUG:colcon.colcon_installed_package_information.package_discovery:Found 34 installed packages in /home/dave/ros2_ws/install
[0.306s] DEBUG:colcon.colcon_installed_package_information.package_discovery:Found 373 installed packages in /opt/ros/foxy
[0.307s] Level 1:colcon.colcon_core.package_discovery:discover_packages(prefix_path) using defaults
[0.377s] Level 5:colcon.colcon_core.verb:set package 'leorover_description' build argument 'cmake_args' from command line to 'None'
[0.377s] Level 5:colcon.colcon_core.verb:set package 'leorover_description' build argument 'cmake_target' from command line to 'None'
[0.377s] Level 5:colcon.colcon_core.verb:set package 'leorover_description' build argument 'cmake_target_skip_unavailable' from command line to 'False'
[0.377s] Level 5:colcon.colcon_core.verb:set package 'leorover_description' build argument 'cmake_clean_cache' from command line to 'False'
[0.377s] Level 5:colcon.colcon_core.verb:set package 'leorover_description' build argument 'cmake_clean_first' from command line to 'False'
[0.377s] Level 5:colcon.colcon_core.verb:set package 'leorover_description' build argument 'cmake_force_configure' from command line to 'False'
[0.377s] Level 5:colcon.colcon_core.verb:set package 'leorover_description' build argument 'ament_cmake_args' from command line to 'None'
[0.377s] Level 5:colcon.colcon_core.verb:set package 'leorover_description' build argument 'catkin_cmake_args' from command line to 'None'
[0.377s] Level 5:colcon.colcon_core.verb:set package 'leorover_description' build argument 'catkin_skip_building_tests' from command line to 'False'
[0.377s] DEBUG:colcon.colcon_core.verb:Building package 'leorover_description' with the following arguments: {'ament_cmake_args': None, 'build_base': '/home/dave/Documents/docker/leo_sim_docker/ros2_ws/build/leorover_description', 'catkin_cmake_args': None, 'catkin_skip_building_tests': False, 'cmake_args': None, 'cmake_clean_cache': False, 'cmake_clean_first': False, 'cmake_force_configure': False, 'cmake_target': None, 'cmake_target_skip_unavailable': False, 'install_base': '/home/dave/Documents/docker/leo_sim_docker/ros2_ws/install/leorover_description', 'merge_install': False, 'path': '/home/dave/Documents/docker/leo_sim_docker/ros2_ws/src/leorover_simulator/leorover_description', 'symlink_install': False, 'test_result_base': None}
[0.378s] Level 5:colcon.colcon_core.verb:set package 'leorover_gazebo' build argument 'cmake_args' from command line to 'None'
[0.378s] Level 5:colcon.colcon_core.verb:set package 'leorover_gazebo' build argument 'cmake_target' from command line to 'None'
[0.378s] Level 5:colcon.colcon_core.verb:set package 'leorover_gazebo' build argument 'cmake_target_skip_unavailable' from command line to 'False'
[0.378s] Level 5:colcon.colcon_core.verb:set package 'leorover_gazebo' build argument 'cmake_clean_cache' from command line to 'False'
[0.378s] Level 5:colcon.colcon_core.verb:set package 'leorover_gazebo' build argument 'cmake_clean_first' from command line to 'False'
[0.378s] Level 5:colcon.colcon_core.verb:set package 'leorover_gazebo' build argument 'cmake_force_configure' from command line to 'False'
[0.378s] Level 5:colcon.colcon_core.verb:set package 'leorover_gazebo' build argument 'ament_cmake_args' from command line to 'None'
[0.378s] Level 5:colcon.colcon_core.verb:set package 'leorover_gazebo' build argument 'catkin_cmake_args' from command line to 'None'
[0.378s] Level 5:colcon.colcon_core.verb:set package 'leorover_gazebo' build argument 'catkin_skip_building_tests' from command line to 'False'
[0.378s] DEBUG:colcon.colcon_core.verb:Building package 'leorover_gazebo' with the following arguments: {'ament_cmake_args': None, 'build_base': '/home/dave/Documents/docker/leo_sim_docker/ros2_ws/build/leorover_gazebo', 'catkin_cmake_args': None, 'catkin_skip_building_tests': False, 'cmake_args': None, 'cmake_clean_cache': False, 'cmake_clean_first': False, 'cmake_force_configure': False, 'cmake_target': None, 'cmake_target_skip_unavailable': False, 'install_base': '/home/dave/Documents/docker/leo_sim_docker/ros2_ws/install/leorover_gazebo', 'merge_install': False, 'path': '/home/dave/Documents/docker/leo_sim_docker/ros2_ws/src/leorover_simulator/leorover_gazebo', 'symlink_install': False, 'test_result_base': None}
[0.379s] INFO:colcon.colcon_core.executor:Executing jobs using 'parallel' executor
[0.381s] DEBUG:colcon.colcon_parallel_executor.executor.parallel:run_until_complete
[0.381s] INFO:colcon.colcon_ros.task.ament_cmake.build:Building ROS package in '/home/dave/Documents/docker/leo_sim_docker/ros2_ws/src/leorover_simulator/leorover_description' with build type 'ament_cmake'
[0.381s] INFO:colcon.colcon_cmake.task.cmake.build:Building CMake package in '/home/dave/Documents/docker/leo_sim_docker/ros2_ws/src/leorover_simulator/leorover_description'
[0.386s] INFO:colcon.colcon_core.plugin_system:Skipping extension 'colcon_core.shell.bat': Not used on non-Windows systems
[0.386s] INFO:colcon.colcon_core.shell:Skip shell extension 'powershell' for command environment: Not usable outside of PowerShell
[0.386s] DEBUG:colcon.colcon_core.shell:Skip shell extension 'dsv' for command environment
[0.393s] INFO:colcon.colcon_ros.task.ament_python.build:Building ROS package in '/home/dave/Documents/docker/leo_sim_docker/ros2_ws/src/leorover_simulator/leorover_gazebo' with build type 'ament_python'
[0.394s] Level 1:colcon.colcon_core.shell:create_environment_hook('leorover_gazebo', 'ament_prefix_path')
[0.395s] INFO:colcon.colcon_core.shell:Creating environment hook '/home/dave/Documents/docker/leo_sim_docker/ros2_ws/install/leorover_gazebo/share/leorover_gazebo/hook/ament_prefix_path.ps1'
[0.396s] INFO:colcon.colcon_core.shell:Creating environment descriptor '/home/dave/Documents/docker/leo_sim_docker/ros2_ws/install/leorover_gazebo/share/leorover_gazebo/hook/ament_prefix_path.dsv'
[0.396s] INFO:colcon.colcon_core.shell:Creating environment hook '/home/dave/Documents/docker/leo_sim_docker/ros2_ws/install/leorover_gazebo/share/leorover_gazebo/hook/ament_prefix_path.sh'
[0.397s] INFO:colcon.colcon_core.shell:Skip shell extension 'powershell' for command environment: Not usable outside of PowerShell
[0.397s] DEBUG:colcon.colcon_core.shell:Skip shell extension 'dsv' for command environment
[0.409s] DEBUG:colcon.colcon_core.event_handler.log_command:Invoking command in '/home/dave/Documents/docker/leo_sim_docker/ros2_ws/build/leorover_description': CMAKE_PREFIX_PATH=${CMAKE_PREFIX_PATH}:/home/dave/ros2_ws/install/src_backend_py:/home/dave/ros2_ws/install/optitrack_tf:/home/dave/ros2_ws/install/my_leorover:/home/dave/ros2_ws/install/light_server:/home/dave/ros2_ws/install/leorover_network_monitor:/home/dave/ros2_ws/install/leorover_multi_goal:/home/dave/ros2_ws/install/last_known_pose:/home/dave/ros2_ws/install/laser_cropper:/opt/ros/foxy /usr/bin/cmake /home/dave/Documents/docker/leo_sim_docker/ros2_ws/src/leorover_simulator/leorover_description -DCMAKE_INSTALL_PREFIX=/home/dave/Documents/docker/leo_sim_docker/ros2_ws/install/leorover_description
[0.609s] INFO:colcon.colcon_core.task.python.build:Building Python package in '/home/dave/Documents/docker/leo_sim_docker/ros2_ws/src/leorover_simulator/leorover_gazebo'
[0.610s] INFO:colcon.colcon_core.shell:Skip shell extension 'powershell' for command environment: Not usable outside of PowerShell
[0.610s] DEBUG:colcon.colcon_core.shell:Skip shell extension 'dsv' for command environment
[1.145s] DEBUG:colcon.colcon_core.event_handler.log_command:Invoking command in '/home/dave/Documents/docker/leo_sim_docker/ros2_ws/src/leorover_simulator/leorover_gazebo': PYTHONPATH=/home/dave/Documents/docker/leo_sim_docker/ros2_ws/build/leorover_gazebo/prefix_override:/home/dave/Documents/docker/leo_sim_docker/ros2_ws/install/leorover_gazebo/lib/python3.8/site-packages:${PYTHONPATH} /usr/bin/python3 setup.py egg_info --egg-base ../../../build/leorover_gazebo build --build-base /home/dave/Documents/docker/leo_sim_docker/ros2_ws/build/leorover_gazebo/build install --record /home/dave/Documents/docker/leo_sim_docker/ros2_ws/build/leorover_gazebo/install.log --single-version-externally-managed
[1.197s] DEBUG:colcon.colcon_core.event_handler.log_command:Invoked command in '/home/dave/Documents/docker/leo_sim_docker/ros2_ws/build/leorover_description' returned '0': CMAKE_PREFIX_PATH=${CMAKE_PREFIX_PATH}:/home/dave/ros2_ws/install/src_backend_py:/home/dave/ros2_ws/install/optitrack_tf:/home/dave/ros2_ws/install/my_leorover:/home/dave/ros2_ws/install/light_server:/home/dave/ros2_ws/install/leorover_network_monitor:/home/dave/ros2_ws/install/leorover_multi_goal:/home/dave/ros2_ws/install/last_known_pose:/home/dave/ros2_ws/install/laser_cropper:/opt/ros/foxy /usr/bin/cmake /home/dave/Documents/docker/leo_sim_docker/ros2_ws/src/leorover_simulator/leorover_description -DCMAKE_INSTALL_PREFIX=/home/dave/Documents/docker/leo_sim_docker/ros2_ws/install/leorover_description
[1.201s] DEBUG:colcon.colcon_core.event_handler.log_command:Invoking command in '/home/dave/Documents/docker/leo_sim_docker/ros2_ws/build/leorover_description': CMAKE_PREFIX_PATH=${CMAKE_PREFIX_PATH}:/home/dave/ros2_ws/install/src_backend_py:/home/dave/ros2_ws/install/optitrack_tf:/home/dave/ros2_ws/install/my_leorover:/home/dave/ros2_ws/install/light_server:/home/dave/ros2_ws/install/leorover_network_monitor:/home/dave/ros2_ws/install/leorover_multi_goal:/home/dave/ros2_ws/install/last_known_pose:/home/dave/ros2_ws/install/laser_cropper:/opt/ros/foxy /usr/bin/cmake --build /home/dave/Documents/docker/leo_sim_docker/ros2_ws/build/leorover_description
[1.248s] DEBUG:colcon.colcon_core.event_handler.log_command:Invoked command in '/home/dave/Documents/docker/leo_sim_docker/ros2_ws/build/leorover_description' returned '0': CMAKE_PREFIX_PATH=${CMAKE_PREFIX_PATH}:/home/dave/ros2_ws/install/src_backend_py:/home/dave/ros2_ws/install/optitrack_tf:/home/dave/ros2_ws/install/my_leorover:/home/dave/ros2_ws/install/light_server:/home/dave/ros2_ws/install/leorover_network_monitor:/home/dave/ros2_ws/install/leorover_multi_goal:/home/dave/ros2_ws/install/last_known_pose:/home/dave/ros2_ws/install/laser_cropper:/opt/ros/foxy /usr/bin/cmake --build /home/dave/Documents/docker/leo_sim_docker/ros2_ws/build/leorover_description
[1.284s] DEBUG:colcon.colcon_core.event_handler.log_command:Invoking command in '/home/dave/Documents/docker/leo_sim_docker/ros2_ws/build/leorover_description': CMAKE_PREFIX_PATH=${CMAKE_PREFIX_PATH}:/home/dave/ros2_ws/install/src_backend_py:/home/dave/ros2_ws/install/optitrack_tf:/home/dave/ros2_ws/install/my_leorover:/home/dave/ros2_ws/install/light_server:/home/dave/ros2_ws/install/leorover_network_monitor:/home/dave/ros2_ws/install/leorover_multi_goal:/home/dave/ros2_ws/install/last_known_pose:/home/dave/ros2_ws/install/laser_cropper:/opt/ros/foxy /usr/bin/cmake --install /home/dave/Documents/docker/leo_sim_docker/ros2_ws/build/leorover_description
[1.394s] Level 1:colcon.colcon_core.environment:create_environment_scripts_only(leorover_description)
[1.395s] DEBUG:colcon.colcon_core.event_handler.log_command:Invoked command in '/home/dave/Documents/docker/leo_sim_docker/ros2_ws/build/leorover_description' returned '0': CMAKE_PREFIX_PATH=${CMAKE_PREFIX_PATH}:/home/dave/ros2_ws/install/src_backend_py:/home/dave/ros2_ws/install/optitrack_tf:/home/dave/ros2_ws/install/my_leorover:/home/dave/ros2_ws/install/light_server:/home/dave/ros2_ws/install/leorover_network_monitor:/home/dave/ros2_ws/install/leorover_multi_goal:/home/dave/ros2_ws/install/last_known_pose:/home/dave/ros2_ws/install/laser_cropper:/opt/ros/foxy /usr/bin/cmake --install /home/dave/Documents/docker/leo_sim_docker/ros2_ws/build/leorover_description
[1.403s] Level 1:colcon.colcon_core.environment:checking '/home/dave/Documents/docker/leo_sim_docker/ros2_ws/install/leorover_description' for CMake module files
[1.404s] Level 1:colcon.colcon_core.environment:checking '/home/dave/Documents/docker/leo_sim_docker/ros2_ws/install/leorover_description' for CMake config files
[1.404s] Level 1:colcon.colcon_core.shell:create_environment_hook('leorover_description', 'cmake_prefix_path')
[1.405s] INFO:colcon.colcon_core.shell:Creating environment hook '/home/dave/Documents/docker/leo_sim_docker/ros2_ws/install/leorover_description/share/leorover_description/hook/cmake_prefix_path.ps1'
[1.406s] INFO:colcon.colcon_core.shell:Creating environment descriptor '/home/dave/Documents/docker/leo_sim_docker/ros2_ws/install/leorover_description/share/leorover_description/hook/cmake_prefix_path.dsv'
[1.406s] INFO:colcon.colcon_core.shell:Creating environment hook '/home/dave/Documents/docker/leo_sim_docker/ros2_ws/install/leorover_description/share/leorover_description/hook/cmake_prefix_path.sh'
[1.407s] Level 1:colcon.colcon_core.environment:checking '/home/dave/Documents/docker/leo_sim_docker/ros2_ws/install/leorover_description/bin'
[1.407s] Level 1:colcon.colcon_core.environment:checking '/home/dave/Documents/docker/leo_sim_docker/ros2_ws/install/leorover_description/lib/pkgconfig/leorover_description.pc'
[1.407s] Level 1:colcon.colcon_core.environment:checking '/home/dave/Documents/docker/leo_sim_docker/ros2_ws/install/leorover_description/lib/python3.8/site-packages'
[1.407s] Level 1:colcon.colcon_core.environment:checking '/home/dave/Documents/docker/leo_sim_docker/ros2_ws/install/leorover_description/bin'
[1.409s] INFO:colcon.colcon_core.shell:Creating package script '/home/dave/Documents/docker/leo_sim_docker/ros2_ws/install/leorover_description/share/leorover_description/package.ps1'
[1.410s] INFO:colcon.colcon_core.shell:Creating package descriptor '/home/dave/Documents/docker/leo_sim_docker/ros2_ws/install/leorover_description/share/leorover_description/package.dsv'
[1.411s] INFO:colcon.colcon_core.shell:Creating package script '/home/dave/Documents/docker/leo_sim_docker/ros2_ws/install/leorover_description/share/leorover_description/package.sh'
[1.412s] INFO:colcon.colcon_core.shell:Creating package script '/home/dave/Documents/docker/leo_sim_docker/ros2_ws/install/leorover_description/share/leorover_description/package.bash'
[1.412s] INFO:colcon.colcon_core.shell:Creating package script '/home/dave/Documents/docker/leo_sim_docker/ros2_ws/install/leorover_description/share/leorover_description/package.zsh'
[1.413s] Level 1:colcon.colcon_core.environment:create_file_with_runtime_dependencies(/home/dave/Documents/docker/leo_sim_docker/ros2_ws/install/leorover_description/share/colcon-core/packages/leorover_description)
[1.440s] Level 1:colcon.colcon_core.environment:create_environment_scripts_only(leorover_description)
[1.442s] Level 1:colcon.colcon_core.environment:checking '/home/dave/Documents/docker/leo_sim_docker/ros2_ws/install/leorover_description' for CMake module files
[1.442s] Level 1:colcon.colcon_core.environment:checking '/home/dave/Documents/docker/leo_sim_docker/ros2_ws/install/leorover_description' for CMake config files
[1.443s] Level 1:colcon.colcon_core.shell:create_environment_hook('leorover_description', 'cmake_prefix_path')
[1.444s] INFO:colcon.colcon_core.shell:Creating environment hook '/home/dave/Documents/docker/leo_sim_docker/ros2_ws/install/leorover_description/share/leorover_description/hook/cmake_prefix_path.ps1'
[1.445s] INFO:colcon.colcon_core.shell:Creating environment descriptor '/home/dave/Documents/docker/leo_sim_docker/ros2_ws/install/leorover_description/share/leorover_description/hook/cmake_prefix_path.dsv'
[1.445s] INFO:colcon.colcon_core.shell:Creating environment hook '/home/dave/Documents/docker/leo_sim_docker/ros2_ws/install/leorover_description/share/leorover_description/hook/cmake_prefix_path.sh'
[1.446s] Level 1:colcon.colcon_core.environment:checking '/home/dave/Documents/docker/leo_sim_docker/ros2_ws/install/leorover_description/bin'
[1.446s] Level 1:colcon.colcon_core.environment:checking '/home/dave/Documents/docker/leo_sim_docker/ros2_ws/install/leorover_description/lib/pkgconfig/leorover_description.pc'
[1.446s] Level 1:colcon.colcon_core.environment:checking '/home/dave/Documents/docker/leo_sim_docker/ros2_ws/install/leorover_description/lib/python3.8/site-packages'
[1.446s] Level 1:colcon.colcon_core.environment:checking '/home/dave/Documents/docker/leo_sim_docker/ros2_ws/install/leorover_description/bin'
[1.448s] INFO:colcon.colcon_core.shell:Creating package script '/home/dave/Documents/docker/leo_sim_docker/ros2_ws/install/leorover_description/share/leorover_description/package.ps1'
[1.448s] INFO:colcon.colcon_core.shell:Creating package descriptor '/home/dave/Documents/docker/leo_sim_docker/ros2_ws/install/leorover_description/share/leorover_description/package.dsv'
[1.449s] INFO:colcon.colcon_core.shell:Creating package script '/home/dave/Documents/docker/leo_sim_docker/ros2_ws/install/leorover_description/share/leorover_description/package.sh'
[1.449s] INFO:colcon.colcon_core.shell:Creating package script '/home/dave/Documents/docker/leo_sim_docker/ros2_ws/install/leorover_description/share/leorover_description/package.bash'
[1.449s] INFO:colcon.colcon_core.shell:Creating package script '/home/dave/Documents/docker/leo_sim_docker/ros2_ws/install/leorover_description/share/leorover_description/package.zsh'
[1.449s] Level 1:colcon.colcon_core.environment:create_file_with_runtime_dependencies(/home/dave/Documents/docker/leo_sim_docker/ros2_ws/install/leorover_description/share/colcon-core/packages/leorover_description)
[1.462s] Level 1:colcon.colcon_core.environment:checking '/home/dave/Documents/docker/leo_sim_docker/ros2_ws/install/leorover_gazebo' for CMake module files
[1.462s] DEBUG:colcon.colcon_core.event_handler.log_command:Invoked command in '/home/dave/Documents/docker/leo_sim_docker/ros2_ws/src/leorover_simulator/leorover_gazebo' returned '0': PYTHONPATH=/home/dave/Documents/docker/leo_sim_docker/ros2_ws/build/leorover_gazebo/prefix_override:/home/dave/Documents/docker/leo_sim_docker/ros2_ws/install/leorover_gazebo/lib/python3.8/site-packages:${PYTHONPATH} /usr/bin/python3 setup.py egg_info --egg-base ../../../build/leorover_gazebo build --build-base /home/dave/Documents/docker/leo_sim_docker/ros2_ws/build/leorover_gazebo/build install --record /home/dave/Documents/docker/leo_sim_docker/ros2_ws/build/leorover_gazebo/install.log --single-version-externally-managed
[1.463s] Level 1:colcon.colcon_core.environment:checking '/home/dave/Documents/docker/leo_sim_docker/ros2_ws/install/leorover_gazebo' for CMake config files
[1.463s] Level 1:colcon.colcon_core.environment:checking '/home/dave/Documents/docker/leo_sim_docker/ros2_ws/install/leorover_gazebo/lib'
[1.463s] Level 1:colcon.colcon_core.environment:checking '/home/dave/Documents/docker/leo_sim_docker/ros2_ws/install/leorover_gazebo/bin'
[1.463s] Level 1:colcon.colcon_core.environment:checking '/home/dave/Documents/docker/leo_sim_docker/ros2_ws/install/leorover_gazebo/lib/pkgconfig/leorover_gazebo.pc'
[1.464s] Level 1:colcon.colcon_core.environment:checking '/home/dave/Documents/docker/leo_sim_docker/ros2_ws/install/leorover_gazebo/lib/python3.8/site-packages'
[1.464s] Level 1:colcon.colcon_core.shell:create_environment_hook('leorover_gazebo', 'pythonpath')
[1.465s] INFO:colcon.colcon_core.shell:Creating environment hook '/home/dave/Documents/docker/leo_sim_docker/ros2_ws/install/leorover_gazebo/share/leorover_gazebo/hook/pythonpath.ps1'
[1.466s] INFO:colcon.colcon_core.shell:Creating environment descriptor '/home/dave/Documents/docker/leo_sim_docker/ros2_ws/install/leorover_gazebo/share/leorover_gazebo/hook/pythonpath.dsv'
[1.466s] INFO:colcon.colcon_core.shell:Creating environment hook '/home/dave/Documents/docker/leo_sim_docker/ros2_ws/install/leorover_gazebo/share/leorover_gazebo/hook/pythonpath.sh'
[1.467s] Level 1:colcon.colcon_core.environment:checking '/home/dave/Documents/docker/leo_sim_docker/ros2_ws/install/leorover_gazebo/bin'
[1.467s] Level 1:colcon.colcon_core.environment:create_environment_scripts_only(leorover_gazebo)
[1.468s] INFO:colcon.colcon_core.shell:Creating package script '/home/dave/Documents/docker/leo_sim_docker/ros2_ws/install/leorover_gazebo/share/leorover_gazebo/package.ps1'
[1.468s] INFO:colcon.colcon_core.shell:Creating package descriptor '/home/dave/Documents/docker/leo_sim_docker/ros2_ws/install/leorover_gazebo/share/leorover_gazebo/package.dsv'
[1.468s] INFO:colcon.colcon_core.shell:Creating package script '/home/dave/Documents/docker/leo_sim_docker/ros2_ws/install/leorover_gazebo/share/leorover_gazebo/package.sh'
[1.469s] INFO:colcon.colcon_core.shell:Creating package script '/home/dave/Documents/docker/leo_sim_docker/ros2_ws/install/leorover_gazebo/share/leorover_gazebo/package.bash'
[1.469s] INFO:colcon.colcon_core.shell:Creating package script '/home/dave/Documents/docker/leo_sim_docker/ros2_ws/install/leorover_gazebo/share/leorover_gazebo/package.zsh'
[1.469s] Level 1:colcon.colcon_core.environment:create_file_with_runtime_dependencies(/home/dave/Documents/docker/leo_sim_docker/ros2_ws/install/leorover_gazebo/share/colcon-core/packages/leorover_gazebo)
[1.470s] DEBUG:colcon.colcon_parallel_executor.executor.parallel:closing loop
[1.470s] DEBUG:colcon.colcon_parallel_executor.executor.parallel:loop closed
[1.470s] DEBUG:colcon.colcon_parallel_executor.executor.parallel:run_until_complete finished with '0'
[1.470s] DEBUG:colcon.colcon_core.event_reactor:joining thread
[1.478s] INFO:colcon.colcon_core.plugin_system:Skipping extension 'colcon_notification.desktop_notification.terminal_notifier': Not used on non-Darwin systems
[1.478s] INFO:colcon.colcon_core.plugin_system:Skipping extension 'colcon_notification.desktop_notification.win32': Not used on non-Windows systems
[1.478s] INFO:colcon.colcon_notification.desktop_notification:Sending desktop notification using 'notify2'
[1.491s] DEBUG:colcon.colcon_core.event_reactor:joined thread
[1.493s] INFO:colcon.colcon_core.shell:Creating prefix script '/home/dave/Documents/docker/leo_sim_docker/ros2_ws/install/local_setup.ps1'
[1.495s] INFO:colcon.colcon_core.shell:Creating prefix util module '/home/dave/Documents/docker/leo_sim_docker/ros2_ws/install/_local_setup_util_ps1.py'
[1.496s] INFO:colcon.colcon_core.shell:Creating prefix chain script '/home/dave/Documents/docker/leo_sim_docker/ros2_ws/install/setup.ps1'
[1.498s] INFO:colcon.colcon_core.shell:Creating prefix script '/home/dave/Documents/docker/leo_sim_docker/ros2_ws/install/local_setup.sh'
[1.499s] INFO:colcon.colcon_core.shell:Creating prefix util module '/home/dave/Documents/docker/leo_sim_docker/ros2_ws/install/_local_setup_util_sh.py'
[1.499s] INFO:colcon.colcon_core.shell:Creating prefix chain script '/home/dave/Documents/docker/leo_sim_docker/ros2_ws/install/setup.sh'
[1.501s] INFO:colcon.colcon_core.shell:Creating prefix script '/home/dave/Documents/docker/leo_sim_docker/ros2_ws/install/local_setup.bash'
[1.501s] INFO:colcon.colcon_core.shell:Creating prefix chain script '/home/dave/Documents/docker/leo_sim_docker/ros2_ws/install/setup.bash'
[1.503s] INFO:colcon.colcon_core.shell:Creating prefix script '/home/dave/Documents/docker/leo_sim_docker/ros2_ws/install/local_setup.zsh'
[1.503s] INFO:colcon.colcon_core.shell:Creating prefix chain script '/home/dave/Documents/docker/leo_sim_docker/ros2_ws/install/setup.zsh'
