running egg_info
creating ../../../build/leorover_gazebo/leorover_gazebo.egg-info
writing ../../../build/leorover_gazebo/leorover_gazebo.egg-info/PKG-INFO
writing dependency_links to ../../../build/leorover_gazebo/leorover_gazebo.egg-info/dependency_links.txt
writing entry points to ../../../build/leorover_gazebo/leorover_gazebo.egg-info/entry_points.txt
writing requirements to ../../../build/leorover_gazebo/leorover_gazebo.egg-info/requires.txt
writing top-level names to ../../../build/leorover_gazebo/leorover_gazebo.egg-info/top_level.txt
writing manifest file '../../../build/leorover_gazebo/leorover_gazebo.egg-info/SOURCES.txt'
reading manifest file '../../../build/leorover_gazebo/leorover_gazebo.egg-info/SOURCES.txt'
writing manifest file '../../../build/leorover_gazebo/leorover_gazebo.egg-info/SOURCES.txt'
running build
running build_py
creating /home/dave/Documents/docker/leo_sim_docker/ros2_ws/build/leorover_gazebo/build
creating /home/dave/Documents/docker/leo_sim_docker/ros2_ws/build/leorover_gazebo/build/lib
creating /home/dave/Documents/docker/leo_sim_docker/ros2_ws/build/leorover_gazebo/build/lib/leorover_gazebo
copying leorover_gazebo/__init__.py -> /home/dave/Documents/docker/leo_sim_docker/ros2_ws/build/leorover_gazebo/build/lib/leorover_gazebo
running install
running install_lib
creating /home/dave/Documents/docker/leo_sim_docker/ros2_ws/install/leorover_gazebo/lib/python3.8/site-packages/leorover_gazebo
copying /home/dave/Documents/docker/leo_sim_docker/ros2_ws/build/leorover_gazebo/build/lib/leorover_gazebo/__init__.py -> /home/dave/Documents/docker/leo_sim_docker/ros2_ws/install/leorover_gazebo/lib/python3.8/site-packages/leorover_gazebo
byte-compiling /home/dave/Documents/docker/leo_sim_docker/ros2_ws/install/leorover_gazebo/lib/python3.8/site-packages/leorover_gazebo/__init__.py to __init__.cpython-38.pyc
running install_data
creating /home/dave/Documents/docker/leo_sim_docker/ros2_ws/install/leorover_gazebo/share/ament_index
creating /home/dave/Documents/docker/leo_sim_docker/ros2_ws/install/leorover_gazebo/share/ament_index/resource_index
creating /home/dave/Documents/docker/leo_sim_docker/ros2_ws/install/leorover_gazebo/share/ament_index/resource_index/packages
copying resource/leorover_gazebo -> /home/dave/Documents/docker/leo_sim_docker/ros2_ws/install/leorover_gazebo/share/ament_index/resource_index/packages
copying package.xml -> /home/dave/Documents/docker/leo_sim_docker/ros2_ws/install/leorover_gazebo/share/leorover_gazebo
creating /home/dave/Documents/docker/leo_sim_docker/ros2_ws/install/leorover_gazebo/share/leorover_gazebo/launch
copying launch/leorover_gazebo_sim.launch.py -> /home/dave/Documents/docker/leo_sim_docker/ros2_ws/install/leorover_gazebo/share/leorover_gazebo/launch
copying launch/leorover_spawn_robot.launch.py -> /home/dave/Documents/docker/leo_sim_docker/ros2_ws/install/leorover_gazebo/share/leorover_gazebo/launch
running install_egg_info
Copying ../../../build/leorover_gazebo/leorover_gazebo.egg-info to /home/dave/Documents/docker/leo_sim_docker/ros2_ws/install/leorover_gazebo/lib/python3.8/site-packages/leorover_gazebo-0.0.1-py3.8.egg-info
running install_scripts
writing list of installed files to '/home/dave/Documents/docker/leo_sim_docker/ros2_ws/build/leorover_gazebo/install.log'
