[0.750s] Invoking command in '/home/dave/Documents/docker/leo_sim_docker/ros2_ws/src/leorover_simulator/leorover_gazebo': PYTHONPATH=/home/dave/Documents/docker/leo_sim_docker/ros2_ws/build/leorover_gazebo/prefix_override:/home/dave/Documents/docker/leo_sim_docker/ros2_ws/install/leorover_gazebo/lib/python3.8/site-packages:${PYTHONPATH} /usr/bin/python3 setup.py egg_info --egg-base ../../../build/leorover_gazebo build --build-base /home/dave/Documents/docker/leo_sim_docker/ros2_ws/build/leorover_gazebo/build install --record /home/dave/Documents/docker/leo_sim_docker/ros2_ws/build/leorover_gazebo/install.log --single-version-externally-managed
[0.962s] running egg_info
[0.963s] creating ../../../build/leorover_gazebo/leorover_gazebo.egg-info
[0.963s] writing ../../../build/leorover_gazebo/leorover_gazebo.egg-info/PKG-INFO
[0.964s] writing dependency_links to ../../../build/leorover_gazebo/leorover_gazebo.egg-info/dependency_links.txt
[0.964s] writing entry points to ../../../build/leorover_gazebo/leorover_gazebo.egg-info/entry_points.txt
[0.964s] writing requirements to ../../../build/leorover_gazebo/leorover_gazebo.egg-info/requires.txt
[0.964s] writing top-level names to ../../../build/leorover_gazebo/leorover_gazebo.egg-info/top_level.txt
[0.968s] writing manifest file '../../../build/leorover_gazebo/leorover_gazebo.egg-info/SOURCES.txt'
[1.003s] reading manifest file '../../../build/leorover_gazebo/leorover_gazebo.egg-info/SOURCES.txt'
[1.003s] writing manifest file '../../../build/leorover_gazebo/leorover_gazebo.egg-info/SOURCES.txt'
[1.003s] running build
[1.004s] running build_py
[1.004s] creating /home/dave/Documents/docker/leo_sim_docker/ros2_ws/build/leorover_gazebo/build
[1.004s] creating /home/dave/Documents/docker/leo_sim_docker/ros2_ws/build/leorover_gazebo/build/lib
[1.005s] creating /home/dave/Documents/docker/leo_sim_docker/ros2_ws/build/leorover_gazebo/build/lib/leorover_gazebo
[1.005s] copying leorover_gazebo/__init__.py -> /home/dave/Documents/docker/leo_sim_docker/ros2_ws/build/leorover_gazebo/build/lib/leorover_gazebo
[1.005s] running install
[1.005s] running install_lib
[1.006s] creating /home/dave/Documents/docker/leo_sim_docker/ros2_ws/install/leorover_gazebo/lib/python3.8/site-packages/leorover_gazebo
[1.007s] copying /home/dave/Documents/docker/leo_sim_docker/ros2_ws/build/leorover_gazebo/build/lib/leorover_gazebo/__init__.py -> /home/dave/Documents/docker/leo_sim_docker/ros2_ws/install/leorover_gazebo/lib/python3.8/site-packages/leorover_gazebo
[1.007s] byte-compiling /home/dave/Documents/docker/leo_sim_docker/ros2_ws/install/leorover_gazebo/lib/python3.8/site-packages/leorover_gazebo/__init__.py to __init__.cpython-38.pyc
[1.008s] running install_data
[1.008s] creating /home/dave/Documents/docker/leo_sim_docker/ros2_ws/install/leorover_gazebo/share/ament_index
[1.008s] creating /home/dave/Documents/docker/leo_sim_docker/ros2_ws/install/leorover_gazebo/share/ament_index/resource_index
[1.009s] creating /home/dave/Documents/docker/leo_sim_docker/ros2_ws/install/leorover_gazebo/share/ament_index/resource_index/packages
[1.009s] copying resource/leorover_gazebo -> /home/dave/Documents/docker/leo_sim_docker/ros2_ws/install/leorover_gazebo/share/ament_index/resource_index/packages
[1.009s] copying package.xml -> /home/dave/Documents/docker/leo_sim_docker/ros2_ws/install/leorover_gazebo/share/leorover_gazebo
[1.009s] creating /home/dave/Documents/docker/leo_sim_docker/ros2_ws/install/leorover_gazebo/share/leorover_gazebo/launch
[1.009s] copying launch/leorover_gazebo_sim.launch.py -> /home/dave/Documents/docker/leo_sim_docker/ros2_ws/install/leorover_gazebo/share/leorover_gazebo/launch
[1.009s] copying launch/leorover_spawn_robot.launch.py -> /home/dave/Documents/docker/leo_sim_docker/ros2_ws/install/leorover_gazebo/share/leorover_gazebo/launch
[1.009s] running install_egg_info
[1.011s] Copying ../../../build/leorover_gazebo/leorover_gazebo.egg-info to /home/dave/Documents/docker/leo_sim_docker/ros2_ws/install/leorover_gazebo/lib/python3.8/site-packages/leorover_gazebo-0.0.1-py3.8.egg-info
[1.011s] running install_scripts
[1.029s] writing list of installed files to '/home/dave/Documents/docker/leo_sim_docker/ros2_ws/build/leorover_gazebo/install.log'
[1.067s] Invoked command in '/home/dave/Documents/docker/leo_sim_docker/ros2_ws/src/leorover_simulator/leorover_gazebo' returned '0': PYTHONPATH=/home/dave/Documents/docker/leo_sim_docker/ros2_ws/build/leorover_gazebo/prefix_override:/home/dave/Documents/docker/leo_sim_docker/ros2_ws/install/leorover_gazebo/lib/python3.8/site-packages:${PYTHONPATH} /usr/bin/python3 setup.py egg_info --egg-base ../../../build/leorover_gazebo build --build-base /home/dave/Documents/docker/leo_sim_docker/ros2_ws/build/leorover_gazebo/build install --record /home/dave/Documents/docker/leo_sim_docker/ros2_ws/build/leorover_gazebo/install.log --single-version-externally-managed
